<?xml version="1.0" encoding="UTF-8"?>
<!-- Generated by org.testng.reporters.JUnitReportReporter -->
<testsuite hostname="LAPTOP-6OACLVLF" failures="0" tests="1" name="com.AppProject.AppLoginTest" time="13.502" errors="0" timestamp="2020-12-07T10:15:10 IST" skipped="0">
  <testcase classname="com.AppProject.AppLoginTest" name="verifylogin" time="13.502"/>
  <system-out/>
</testsuite> <!-- com.AppProject.AppLoginTest -->
