<?xml version="1.0" encoding="UTF-8"?>
<!-- Generated by org.testng.reporters.JUnitReportReporter -->
<testsuite hostname="LAPTOP-6OACLVLF" failures="0" tests="1" name="com.AppUtilities.AppTest" time="0.009" errors="0" timestamp="2020-12-04T05:56:03 IST" skipped="0">
  <testcase classname="com.AppUtilities.AppTest" name="verifysamplemaventest" time="0.009"/>
  <system-out/>
</testsuite> <!-- com.AppUtilities.AppTest -->
